<?xml version="1.0" encoding="UTF-8"?>
<!-- Generated by org.testng.reporters.JUnitXMLReporter -->
<testsuite ignored="0" hostname="DESKTOP-64K5226" failures="0" tests="10" name="end to end test on chrome" time="205.09" errors="0" timestamp="2021-08-07T23:59:56 EET">
  <testcase classname="com.freecrm.testcases.LoginPageTest" name="titleTest" time="0.043"/>
  <testcase classname="com.freecrm.testcases.LoginPageTest" name="urlCheck" time="0.075"/>
  <testcase classname="com.freecrm.testcases.LoginPageTest" name="logoTest" time="0.629"/>
  <testcase classname="com.freecrm.testcases.LoginPageTest" name="loginTest" time="10.127"/>
  <testcase classname="com.freecrm.testcases.HomePageTest" name="ClickOnContactsTest" time="2.529"/>
  <testcase classname="com.freecrm.testcases.HomePageTest" name="ClickOnDealsTest" time="2.401"/>
  <testcase classname="com.freecrm.testcases.HomePageTest" name="ClickOnTasksTest" time="1.891"/>
  <testcase classname="com.freecrm.testcases.ContactPageTest" name="addContact" time="7.106"/>
  <testcase classname="com.freecrm.testcases.ContactPageTest" name="addContact" time="5.046"/>
  <testcase classname="com.freecrm.testcases.ContactPageTest" name="addContact" time="7.009"/>
</testsuite> <!-- end to end test on chrome -->
