<?xml version="1.0" encoding="UTF-8"?>
<testng-results ignored="0" total="10" passed="10" failed="0" skipped="0">
  <reporter-output>
  </reporter-output>
  <suite started-at="2021-08-07T23:56:30 EET" name="Free CRM Application test" finished-at="2021-08-07T23:59:56 EET" duration-ms="205090">
    <groups>
    </groups>
    <test started-at="2021-08-07T23:56:30 EET" name="end to end test on chrome" finished-at="2021-08-07T23:59:56 EET" duration-ms="205090">
      <class name="com.freecrm.testcases.Config">
        <test-method is-config="true" signature="start()[pri:0, instance:com.freecrm.testcases.Config@78123e82]" started-at="2021-08-07T23:56:30 EET" name="start" finished-at="2021-08-07T23:56:30 EET" duration-ms="351" status="PASS">
          <reporter-output>
          </reporter-output>
        </test-method> <!-- start -->
        <test-method is-config="true" signature="end()[pri:0, instance:com.freecrm.testcases.Config@78123e82]" started-at="2021-08-07T23:59:56 EET" name="end" finished-at="2021-08-07T23:59:56 EET" duration-ms="655" status="PASS">
          <reporter-output>
          </reporter-output>
        </test-method> <!-- end -->
      </class> <!-- com.freecrm.testcases.Config -->
      <class name="com.freecrm.testcases.HomePageTest">
        <test-method is-config="true" signature="setup(java.lang.String,java.lang.reflect.Method)[pri:0, instance:com.freecrm.testcases.HomePageTest@32ee6fee]" started-at="2021-08-07T23:57:38 EET" name="setup" finished-at="2021-08-07T23:57:52 EET" duration-ms="13978" status="PASS">
          <params>
            <param index="0">
              <value>
                <![CDATA[chrome]]>
              </value>
            </param>
            <param index="1">
              <value>
                <![CDATA[public void com.freecrm.testcases.HomePageTest.ClickOnContactsTest()]]>
              </value>
            </param>
          </params>
          <reporter-output>
          </reporter-output>
        </test-method> <!-- setup -->
        <test-method signature="ClickOnContactsTest()[pri:5, instance:com.freecrm.testcases.HomePageTest@32ee6fee]" started-at="2021-08-07T23:57:52 EET" name="ClickOnContactsTest" finished-at="2021-08-07T23:57:55 EET" duration-ms="2529" status="PASS">
          <reporter-output>
          </reporter-output>
        </test-method> <!-- ClickOnContactsTest -->
        <test-method is-config="true" signature="tearDown(java.lang.reflect.Method,org.testng.ITestResult)[pri:0, instance:com.freecrm.testcases.HomePageTest@32ee6fee]" started-at="2021-08-07T23:57:55 EET" name="tearDown" finished-at="2021-08-07T23:57:58 EET" duration-ms="2907" status="PASS">
          <params>
            <param index="0">
              <value>
                <![CDATA[public void com.freecrm.testcases.HomePageTest.ClickOnContactsTest()]]>
              </value>
            </param>
            <param index="1">
              <value>
                <![CDATA[[TestResult name=ClickOnContactsTest status=SUCCESS method=HomePageTest.ClickOnContactsTest()[pri:5, instance:com.freecrm.testcases.HomePageTest@32ee6fee] output={null}]]]>
              </value>
            </param>
          </params>
          <reporter-output>
          </reporter-output>
        </test-method> <!-- tearDown -->
        <test-method is-config="true" signature="setup(java.lang.String,java.lang.reflect.Method)[pri:0, instance:com.freecrm.testcases.HomePageTest@32ee6fee]" started-at="2021-08-07T23:57:58 EET" name="setup" finished-at="2021-08-07T23:58:12 EET" duration-ms="14071" status="PASS">
          <params>
            <param index="0">
              <value>
                <![CDATA[chrome]]>
              </value>
            </param>
            <param index="1">
              <value>
                <![CDATA[public void com.freecrm.testcases.HomePageTest.ClickOnDealsTest()]]>
              </value>
            </param>
          </params>
          <reporter-output>
          </reporter-output>
        </test-method> <!-- setup -->
        <test-method signature="ClickOnDealsTest()[pri:6, instance:com.freecrm.testcases.HomePageTest@32ee6fee]" started-at="2021-08-07T23:58:12 EET" name="ClickOnDealsTest" finished-at="2021-08-07T23:58:14 EET" duration-ms="2401" status="PASS">
          <reporter-output>
          </reporter-output>
        </test-method> <!-- ClickOnDealsTest -->
        <test-method is-config="true" signature="tearDown(java.lang.reflect.Method,org.testng.ITestResult)[pri:0, instance:com.freecrm.testcases.HomePageTest@32ee6fee]" started-at="2021-08-07T23:58:14 EET" name="tearDown" finished-at="2021-08-07T23:58:17 EET" duration-ms="2953" status="PASS">
          <params>
            <param index="0">
              <value>
                <![CDATA[public void com.freecrm.testcases.HomePageTest.ClickOnDealsTest()]]>
              </value>
            </param>
            <param index="1">
              <value>
                <![CDATA[[TestResult name=ClickOnDealsTest status=SUCCESS method=HomePageTest.ClickOnDealsTest()[pri:6, instance:com.freecrm.testcases.HomePageTest@32ee6fee] output={null}]]]>
              </value>
            </param>
          </params>
          <reporter-output>
          </reporter-output>
        </test-method> <!-- tearDown -->
        <test-method is-config="true" signature="setup(java.lang.String,java.lang.reflect.Method)[pri:0, instance:com.freecrm.testcases.HomePageTest@32ee6fee]" started-at="2021-08-07T23:58:17 EET" name="setup" finished-at="2021-08-07T23:58:31 EET" duration-ms="14158" status="PASS">
          <params>
            <param index="0">
              <value>
                <![CDATA[chrome]]>
              </value>
            </param>
            <param index="1">
              <value>
                <![CDATA[public void com.freecrm.testcases.HomePageTest.ClickOnTasksTest()]]>
              </value>
            </param>
          </params>
          <reporter-output>
          </reporter-output>
        </test-method> <!-- setup -->
        <test-method signature="ClickOnTasksTest()[pri:7, instance:com.freecrm.testcases.HomePageTest@32ee6fee]" started-at="2021-08-07T23:58:31 EET" name="ClickOnTasksTest" finished-at="2021-08-07T23:58:33 EET" duration-ms="1891" status="PASS">
          <reporter-output>
          </reporter-output>
        </test-method> <!-- ClickOnTasksTest -->
        <test-method is-config="true" signature="tearDown(java.lang.reflect.Method,org.testng.ITestResult)[pri:0, instance:com.freecrm.testcases.HomePageTest@32ee6fee]" started-at="2021-08-07T23:58:33 EET" name="tearDown" finished-at="2021-08-07T23:58:36 EET" duration-ms="3053" status="PASS">
          <params>
            <param index="0">
              <value>
                <![CDATA[public void com.freecrm.testcases.HomePageTest.ClickOnTasksTest()]]>
              </value>
            </param>
            <param index="1">
              <value>
                <![CDATA[[TestResult name=ClickOnTasksTest status=SUCCESS method=HomePageTest.ClickOnTasksTest()[pri:7, instance:com.freecrm.testcases.HomePageTest@32ee6fee] output={null}]]]>
              </value>
            </param>
          </params>
          <reporter-output>
          </reporter-output>
        </test-method> <!-- tearDown -->
      </class> <!-- com.freecrm.testcases.HomePageTest -->
      <class name="com.freecrm.testcases.LoginPageTest">
        <test-method is-config="true" signature="setup(java.lang.String,java.lang.reflect.Method)[pri:0, instance:com.freecrm.testcases.LoginPageTest@5562c41e]" started-at="2021-08-07T23:56:31 EET" name="setup" finished-at="2021-08-07T23:56:40 EET" duration-ms="9915" status="PASS">
          <params>
            <param index="0">
              <value>
                <![CDATA[chrome]]>
              </value>
            </param>
            <param index="1">
              <value>
                <![CDATA[public void com.freecrm.testcases.LoginPageTest.titleTest()]]>
              </value>
            </param>
          </params>
          <reporter-output>
          </reporter-output>
        </test-method> <!-- setup -->
        <test-method signature="titleTest()[pri:1, instance:com.freecrm.testcases.LoginPageTest@5562c41e]" started-at="2021-08-07T23:56:40 EET" name="titleTest" finished-at="2021-08-07T23:56:40 EET" duration-ms="43" status="PASS">
          <reporter-output>
          </reporter-output>
        </test-method> <!-- titleTest -->
        <test-method is-config="true" signature="tearDown(java.lang.reflect.Method,org.testng.ITestResult)[pri:0, instance:com.freecrm.testcases.LoginPageTest@5562c41e]" started-at="2021-08-07T23:56:41 EET" name="tearDown" finished-at="2021-08-07T23:56:47 EET" duration-ms="6347" status="PASS">
          <params>
            <param index="0">
              <value>
                <![CDATA[public void com.freecrm.testcases.LoginPageTest.titleTest()]]>
              </value>
            </param>
            <param index="1">
              <value>
                <![CDATA[[TestResult name=titleTest status=SUCCESS method=LoginPageTest.titleTest()[pri:1, instance:com.freecrm.testcases.LoginPageTest@5562c41e] output={null}]]]>
              </value>
            </param>
          </params>
          <reporter-output>
          </reporter-output>
        </test-method> <!-- tearDown -->
        <test-method is-config="true" signature="setup(java.lang.String,java.lang.reflect.Method)[pri:0, instance:com.freecrm.testcases.LoginPageTest@5562c41e]" started-at="2021-08-07T23:56:47 EET" name="setup" finished-at="2021-08-07T23:57:00 EET" duration-ms="13138" status="PASS">
          <params>
            <param index="0">
              <value>
                <![CDATA[chrome]]>
              </value>
            </param>
            <param index="1">
              <value>
                <![CDATA[public void com.freecrm.testcases.LoginPageTest.urlCheck()]]>
              </value>
            </param>
          </params>
          <reporter-output>
          </reporter-output>
        </test-method> <!-- setup -->
        <test-method signature="urlCheck()[pri:2, instance:com.freecrm.testcases.LoginPageTest@5562c41e]" started-at="2021-08-07T23:57:00 EET" name="urlCheck" finished-at="2021-08-07T23:57:00 EET" duration-ms="75" status="PASS">
          <reporter-output>
          </reporter-output>
        </test-method> <!-- urlCheck -->
        <test-method is-config="true" signature="tearDown(java.lang.reflect.Method,org.testng.ITestResult)[pri:0, instance:com.freecrm.testcases.LoginPageTest@5562c41e]" started-at="2021-08-07T23:57:00 EET" name="tearDown" finished-at="2021-08-07T23:57:04 EET" duration-ms="3447" status="PASS">
          <params>
            <param index="0">
              <value>
                <![CDATA[public void com.freecrm.testcases.LoginPageTest.urlCheck()]]>
              </value>
            </param>
            <param index="1">
              <value>
                <![CDATA[[TestResult name=urlCheck status=SUCCESS method=LoginPageTest.urlCheck()[pri:2, instance:com.freecrm.testcases.LoginPageTest@5562c41e] output={null}]]]>
              </value>
            </param>
          </params>
          <reporter-output>
          </reporter-output>
        </test-method> <!-- tearDown -->
        <test-method is-config="true" signature="setup(java.lang.String,java.lang.reflect.Method)[pri:0, instance:com.freecrm.testcases.LoginPageTest@5562c41e]" started-at="2021-08-07T23:57:04 EET" name="setup" finished-at="2021-08-07T23:57:11 EET" duration-ms="7304" status="PASS">
          <params>
            <param index="0">
              <value>
                <![CDATA[chrome]]>
              </value>
            </param>
            <param index="1">
              <value>
                <![CDATA[public void com.freecrm.testcases.LoginPageTest.logoTest()]]>
              </value>
            </param>
          </params>
          <reporter-output>
          </reporter-output>
        </test-method> <!-- setup -->
        <test-method signature="logoTest()[pri:3, instance:com.freecrm.testcases.LoginPageTest@5562c41e]" started-at="2021-08-07T23:57:11 EET" name="logoTest" finished-at="2021-08-07T23:57:11 EET" duration-ms="629" status="PASS">
          <reporter-output>
          </reporter-output>
        </test-method> <!-- logoTest -->
        <test-method is-config="true" signature="tearDown(java.lang.reflect.Method,org.testng.ITestResult)[pri:0, instance:com.freecrm.testcases.LoginPageTest@5562c41e]" started-at="2021-08-07T23:57:11 EET" name="tearDown" finished-at="2021-08-07T23:57:16 EET" duration-ms="4255" status="PASS">
          <params>
            <param index="0">
              <value>
                <![CDATA[public void com.freecrm.testcases.LoginPageTest.logoTest()]]>
              </value>
            </param>
            <param index="1">
              <value>
                <![CDATA[[TestResult name=logoTest status=SUCCESS method=LoginPageTest.logoTest()[pri:3, instance:com.freecrm.testcases.LoginPageTest@5562c41e] output={null}]]]>
              </value>
            </param>
          </params>
          <reporter-output>
          </reporter-output>
        </test-method> <!-- tearDown -->
        <test-method is-config="true" signature="setup(java.lang.String,java.lang.reflect.Method)[pri:0, instance:com.freecrm.testcases.LoginPageTest@5562c41e]" started-at="2021-08-07T23:57:16 EET" name="setup" finished-at="2021-08-07T23:57:24 EET" duration-ms="7824" status="PASS">
          <params>
            <param index="0">
              <value>
                <![CDATA[chrome]]>
              </value>
            </param>
            <param index="1">
              <value>
                <![CDATA[public void com.freecrm.testcases.LoginPageTest.loginTest() throws java.io.IOException]]>
              </value>
            </param>
          </params>
          <reporter-output>
          </reporter-output>
        </test-method> <!-- setup -->
        <test-method signature="loginTest()[pri:4, instance:com.freecrm.testcases.LoginPageTest@5562c41e]" started-at="2021-08-07T23:57:24 EET" name="loginTest" finished-at="2021-08-07T23:57:34 EET" duration-ms="10127" status="PASS">
          <reporter-output>
          </reporter-output>
        </test-method> <!-- loginTest -->
        <test-method is-config="true" signature="tearDown(java.lang.reflect.Method,org.testng.ITestResult)[pri:0, instance:com.freecrm.testcases.LoginPageTest@5562c41e]" started-at="2021-08-07T23:57:34 EET" name="tearDown" finished-at="2021-08-07T23:57:38 EET" duration-ms="4544" status="PASS">
          <params>
            <param index="0">
              <value>
                <![CDATA[public void com.freecrm.testcases.LoginPageTest.loginTest() throws java.io.IOException]]>
              </value>
            </param>
            <param index="1">
              <value>
                <![CDATA[[TestResult name=loginTest status=SUCCESS method=LoginPageTest.loginTest()[pri:4, instance:com.freecrm.testcases.LoginPageTest@5562c41e] output={null}]]]>
              </value>
            </param>
          </params>
          <reporter-output>
          </reporter-output>
        </test-method> <!-- tearDown -->
      </class> <!-- com.freecrm.testcases.LoginPageTest -->
      <class name="com.freecrm.testcases.ContactPageTest">
        <test-method is-config="true" signature="setup(java.lang.String,java.lang.reflect.Method)[pri:0, instance:com.freecrm.testcases.ContactPageTest@3232a28a]" started-at="2021-08-07T23:58:38 EET" name="setup" finished-at="2021-08-07T23:58:53 EET" duration-ms="14372" status="PASS">
          <params>
            <param index="0">
              <value>
                <![CDATA[chrome]]>
              </value>
            </param>
            <param index="1">
              <value>
                <![CDATA[public void com.freecrm.testcases.ContactPageTest.addContact(java.lang.String,java.lang.String,java.lang.String,java.lang.String) throws java.io.IOException]]>
              </value>
            </param>
          </params>
          <reporter-output>
          </reporter-output>
        </test-method> <!-- setup -->
        <test-method signature="addContact(java.lang.String,java.lang.String,java.lang.String,java.lang.String)[pri:0, instance:com.freecrm.testcases.ContactPageTest@3232a28a]" started-at="2021-08-07T23:58:53 EET" name="addContact" data-provider="TestData" finished-at="2021-08-07T23:59:00 EET" duration-ms="7106" status="PASS">
          <params>
            <param index="0">
              <value>
                <![CDATA[first name]]>
              </value>
            </param>
            <param index="1">
              <value>
                <![CDATA[last name]]>
              </value>
            </param>
            <param index="2">
              <value>
                <![CDATA[company]]>
              </value>
            </param>
            <param index="3">
              <value>
                <![CDATA[department]]>
              </value>
            </param>
          </params>
          <reporter-output>
          </reporter-output>
        </test-method> <!-- addContact -->
        <test-method is-config="true" signature="TearDown(java.lang.reflect.Method,org.testng.ITestResult)[pri:0, instance:com.freecrm.testcases.ContactPageTest@3232a28a]" started-at="2021-08-07T23:59:00 EET" name="TearDown" finished-at="2021-08-07T23:59:03 EET" duration-ms="3553" status="PASS">
          <params>
            <param index="0">
              <value>
                <![CDATA[public void com.freecrm.testcases.ContactPageTest.addContact(java.lang.String,java.lang.String,java.lang.String,java.lang.String) throws java.io.IOException]]>
              </value>
            </param>
            <param index="1">
              <value>
                <![CDATA[[TestResult name=addContact status=SUCCESS method=ContactPageTest.addContact(java.lang.String,java.lang.String,java.lang.String,java.lang.String)[pri:0, instance:com.freecrm.testcases.ContactPageTest@3232a28a] output={null}]]]>
              </value>
            </param>
          </params>
          <reporter-output>
          </reporter-output>
        </test-method> <!-- TearDown -->
        <test-method is-config="true" signature="setup(java.lang.String,java.lang.reflect.Method)[pri:0, instance:com.freecrm.testcases.ContactPageTest@3232a28a]" started-at="2021-08-07T23:59:03 EET" name="setup" finished-at="2021-08-07T23:59:17 EET" duration-ms="13968" status="PASS">
          <params>
            <param index="0">
              <value>
                <![CDATA[chrome]]>
              </value>
            </param>
            <param index="1">
              <value>
                <![CDATA[public void com.freecrm.testcases.ContactPageTest.addContact(java.lang.String,java.lang.String,java.lang.String,java.lang.String) throws java.io.IOException]]>
              </value>
            </param>
          </params>
          <reporter-output>
          </reporter-output>
        </test-method> <!-- setup -->
        <test-method signature="addContact(java.lang.String,java.lang.String,java.lang.String,java.lang.String)[pri:0, instance:com.freecrm.testcases.ContactPageTest@3232a28a]" started-at="2021-08-07T23:59:17 EET" name="addContact" data-provider="TestData" finished-at="2021-08-07T23:59:22 EET" duration-ms="5046" status="PASS">
          <params>
            <param index="0">
              <value>
                <![CDATA[Eslam]]>
              </value>
            </param>
            <param index="1">
              <value>
                <![CDATA[Badawy]]>
              </value>
            </param>
            <param index="2">
              <value>
                <![CDATA[Valeo]]>
              </value>
            </param>
            <param index="3">
              <value>
                <![CDATA[Validation]]>
              </value>
            </param>
          </params>
          <reporter-output>
          </reporter-output>
        </test-method> <!-- addContact -->
        <test-method is-config="true" signature="TearDown(java.lang.reflect.Method,org.testng.ITestResult)[pri:0, instance:com.freecrm.testcases.ContactPageTest@3232a28a]" started-at="2021-08-07T23:59:22 EET" name="TearDown" finished-at="2021-08-07T23:59:25 EET" duration-ms="2920" status="PASS">
          <params>
            <param index="0">
              <value>
                <![CDATA[public void com.freecrm.testcases.ContactPageTest.addContact(java.lang.String,java.lang.String,java.lang.String,java.lang.String) throws java.io.IOException]]>
              </value>
            </param>
            <param index="1">
              <value>
                <![CDATA[[TestResult name=addContact status=SUCCESS method=ContactPageTest.addContact(java.lang.String,java.lang.String,java.lang.String,java.lang.String)[pri:0, instance:com.freecrm.testcases.ContactPageTest@3232a28a] output={null}]]]>
              </value>
            </param>
          </params>
          <reporter-output>
          </reporter-output>
        </test-method> <!-- TearDown -->
        <test-method is-config="true" signature="setup(java.lang.String,java.lang.reflect.Method)[pri:0, instance:com.freecrm.testcases.ContactPageTest@3232a28a]" started-at="2021-08-07T23:59:25 EET" name="setup" finished-at="2021-08-07T23:59:45 EET" duration-ms="19557" status="PASS">
          <params>
            <param index="0">
              <value>
                <![CDATA[chrome]]>
              </value>
            </param>
            <param index="1">
              <value>
                <![CDATA[public void com.freecrm.testcases.ContactPageTest.addContact(java.lang.String,java.lang.String,java.lang.String,java.lang.String) throws java.io.IOException]]>
              </value>
            </param>
          </params>
          <reporter-output>
          </reporter-output>
        </test-method> <!-- setup -->
        <test-method signature="addContact(java.lang.String,java.lang.String,java.lang.String,java.lang.String)[pri:0, instance:com.freecrm.testcases.ContactPageTest@3232a28a]" started-at="2021-08-07T23:59:45 EET" name="addContact" data-provider="TestData" finished-at="2021-08-07T23:59:52 EET" duration-ms="7009" status="PASS">
          <params>
            <param index="0">
              <value>
                <![CDATA[Nader]]>
              </value>
            </param>
            <param index="1">
              <value>
                <![CDATA[Alawneh]]>
              </value>
            </param>
            <param index="2">
              <value>
                <![CDATA[LG]]>
              </value>
            </param>
            <param index="3">
              <value>
                <![CDATA[Leader]]>
              </value>
            </param>
          </params>
          <reporter-output>
          </reporter-output>
        </test-method> <!-- addContact -->
        <test-method is-config="true" signature="TearDown(java.lang.reflect.Method,org.testng.ITestResult)[pri:0, instance:com.freecrm.testcases.ContactPageTest@3232a28a]" started-at="2021-08-07T23:59:52 EET" name="TearDown" finished-at="2021-08-07T23:59:56 EET" duration-ms="3855" status="PASS">
          <params>
            <param index="0">
              <value>
                <![CDATA[public void com.freecrm.testcases.ContactPageTest.addContact(java.lang.String,java.lang.String,java.lang.String,java.lang.String) throws java.io.IOException]]>
              </value>
            </param>
            <param index="1">
              <value>
                <![CDATA[[TestResult name=addContact status=SUCCESS method=ContactPageTest.addContact(java.lang.String,java.lang.String,java.lang.String,java.lang.String)[pri:0, instance:com.freecrm.testcases.ContactPageTest@3232a28a] output={null}]]]>
              </value>
            </param>
          </params>
          <reporter-output>
          </reporter-output>
        </test-method> <!-- TearDown -->
      </class> <!-- com.freecrm.testcases.ContactPageTest -->
    </test> <!-- end to end test on chrome -->
  </suite> <!-- Free CRM Application test -->
</testng-results>
